Arguments: 
  C:\Program Files\nodejs\node.exe C:\Program Files (x86)\Yarn\bin\yarn.js add bootstrap 3.3.5

PATH: 
  C:\ffmpeg\bin;C:\Program Files (x86)\Intel\iCLS Client\;C:\Program Files\Intel\iCLS Client\;C:\Program Files\Broadcom\Broadcom 802.11;C:\WINDOWS\system32;C:\WINDOWS;C:\WINDOWS\System32\Wbem;C:\WINDOWS\System32\WindowsPowerShell\v1.0\;C:\Program Files\Intel\Intel(R) Management Engine Components\DAL;C:\Program Files (x86)\Intel\Intel(R) Management Engine Components\DAL;C:\Program Files\Intel\Intel(R) Management Engine Components\IPT;C:\Program Files (x86)\Intel\Intel(R) Management Engine Components\IPT;C:\Program Files\Git\cmd;C:\wamp\bin\php\php5.5.12;C:\wamp\bin\php\php5.3.0;C:\Program Files (x86)\DevDesktop\drush;C:\Program Files (x86)\QuickTime\QTSystem\;C:\Program Files (x86)\Skype\Phone\;C:\Program Files\nodejs\;C:\Program Files\PuTTY\;C:\Program Files (x86)\GtkSharp\2.12\bin;C:\Ruby23\bin;C:\Program Files (x86)\Git\bin;C:\Program Files (x86)\Git\cmd;C:\drush;C:\Program Files (x86)\GnuWin32\bin;C:\Users\Hugo\AppData\Local\Microsoft\WindowsApps;C:\Users\Hugo\AppData\Roaming\npm;C:\Program Files (x86)\Nodist\bin;C:\Program Files\MongoDB\Server\3.4\bin\;;C:\WINDOWS\system32;C:\WINDOWS;C:\WINDOWS\System32\Wbem;C:\WINDOWS\System32\WindowsPowerShell\v1.0\;C:\Program Files (x86)\Yarn\bin;C:\Ruby23\bin;C:\Program Files (x86)\Git\bin;C:\Program Files (x86)\Git\cmd;C:\drush;C:\Program Files (x86)\GnuWin32\bin;C:\Users\Hugo\AppData\Local\Microsoft\WindowsApps;C:\Users\Hugo\AppData\Roaming\npm;C:\ffmpeg\bin;C:\Program Files\MongoDB\Server\3.4\bin\;C:\Users\Hugo\AppData\Local\Yarn\bin

Yarn version: 
  1.3.2

Node version: 
  6.11.0

Platform: 
  win32 x64

npm manifest: 
  {
    "name": "grunt-yarn-sass-bootstrap",
    "version": "1.0.0",
    "description": "Projet Bootstrap avec SASS, utilisant Grunt et Yarn",
    "main": "index.js",
    "repository": "https://github.com/Hugo8705/grunt-yarn-sass-bootstrap",
    "author": "Hugo Chaume",
    "license": "MIT"
  }

yarn manifest: 
  No manifest

Lockfile: 
  # THIS IS AN AUTOGENERATED FILE. DO NOT EDIT THIS FILE DIRECTLY.
  # yarn lockfile v1
  
  
  boostrap@^2.0.0:
    version "2.0.0"
    resolved "https://registry.yarnpkg.com/boostrap/-/boostrap-2.0.0.tgz#f0a5256bc379c5da540564389e48e85e9ccff9fc"

Trace: 
  Error: http://registry.npmjs.org/3.3.5: not_found
      at Request.params.callback [as _callback] (C:\Program Files (x86)\Yarn\lib\cli.js:62098:18)
      at Request.self.callback (C:\Program Files (x86)\Yarn\lib\cli.js:123085:22)
      at emitTwo (events.js:106:13)
      at Request.emit (events.js:191:7)
      at Request.<anonymous> (C:\Program Files (x86)\Yarn\lib\cli.js:124068:10)
      at emitOne (events.js:96:13)
      at Request.emit (events.js:188:7)
      at IncomingMessage.<anonymous> (C:\Program Files (x86)\Yarn\lib\cli.js:123988:12)
      at IncomingMessage.g (events.js:292:16)
      at emitNone (events.js:91:20)
